<?xml version="1.0" encoding="UTF-8"?>
<!-- Generated by org.testng.reporters.JUnitReportReporter -->
<testsuite skipped="0" hostname="DESKTOP-5N68P0G" name="com.google.FramWork.LoginTest" tests="1" failures="0" timestamp="2020-09-23T14:52:15 EET" time="20.499" errors="0">
  <testcase name="testlogin" time="20.499" classname="com.google.FramWork.LoginTest"/>
  <system-out/>
</testsuite> <!-- com.google.FramWork.LoginTest -->
